<?xml version="1.0" encoding="UTF-8"?>
<!-- Generated by org.testng.reporters.JUnitXMLReporter -->
<testsuite ignored="3" hostname="DESKTOP-0A7DVIM" failures="0" tests="1" name="Default test" time="2.086" errors="0" timestamp="2023-07-23T18:01:10 IST">
  <testcase classname="com.simplilearn.RestAssured_dummyapi.apitesting" name="test3" time="2.051"/>
  <testcase classname="com.simplilearn.RestAssured_dummyapi.apitesting" name="test4" time="0.0">
    <ignored/>
  </testcase> <!-- test4 -->
  <testcase classname="com.simplilearn.RestAssured_dummyapi.apitesting" name="test2" time="0.0">
    <ignored/>
  </testcase> <!-- test2 -->
  <testcase classname="com.simplilearn.RestAssured_dummyapi.apitesting" name="Test1" time="0.0">
    <ignored/>
  </testcase> <!-- Test1 -->
</testsuite> <!-- Default test -->
