<?xml version="1.0" encoding="UTF-8"?>
<testng-results ignored="3" total="4" passed="1" failed="0" skipped="0">
  <reporter-output>
  </reporter-output>
  <suite started-at="2023-07-23T18:01:08 IST" name="Default suite" finished-at="2023-07-23T18:01:10 IST" duration-ms="2086">
    <groups>
    </groups>
    <test started-at="2023-07-23T18:01:08 IST" name="Default test" finished-at="2023-07-23T18:01:10 IST" duration-ms="2086">
      <class name="com.simplilearn.RestAssured_dummyapi.apitesting">
        <test-method signature="test3()[pri:0, instance:com.simplilearn.RestAssured_dummyapi.apitesting@62150f9e]" started-at="2023-07-23T18:01:08 IST" name="test3" finished-at="2023-07-23T18:01:10 IST" duration-ms="2051" status="PASS">
          <reporter-output>
          </reporter-output>
        </test-method> <!-- test3 -->
      </class> <!-- com.simplilearn.RestAssured_dummyapi.apitesting -->
    </test> <!-- Default test -->
  </suite> <!-- Default suite -->
</testng-results>
